--- Job airAmbulance_trial2.gms Start 11/27/23 16:29:23 45.3.0 c4c31d8a WEX-WEI x86 64bit/MS Windows
--- Applying:
    C:\GAMS\45\gmsprmNT.txt
--- GAMS Parameters defined
    Input C:\Users\rashm\Downloads\CL643project\airAmbulance_trial2.gms
    PageSize 0
    ScrDir C:\Users\rashm\Downloads\CL643project\225a\
    SysDir C:\GAMS\45\
    LogOption 3
    ErrMsg 1
    ErrorLog 99
    IDE 1
    LstTitleLeftAligned 1
Licensee: GAMS Demo, for EULA and demo limitations see   G230930/0001CB-GEN
          https://www.gams.com/latest/docs/UG%5FLicense.html         DC0000
          C:\GAMS\45\gamslice.txt
          Demo license for demonstration and instructional purposes only
Processor information: 1 socket(s), 4 core(s), and 8 thread(s) available
GAMS 45.3.0   Copyright (C) 1987-2023 GAMS Development. All rights reserved
--- Starting compilation
--- airAmbulance_trial2.gms(30) 3 Mb 8 Errors
*** Error 119 in C:\Users\rashm\Downloads\CL643project\airAmbulance_trial2.gms
    Number (primary) expected
*** Error  37 in C:\Users\rashm\Downloads\CL643project\airAmbulance_trial2.gms
    '=l=' or '=e=' or '=g=' operator expected
*** Error 154 in C:\Users\rashm\Downloads\CL643project\airAmbulance_trial2.gms
    Set for 'ord' is not controlled
*** Error 143 in C:\Users\rashm\Downloads\CL643project\airAmbulance_trial2.gms
    A suffix is missing
*** Error 141 in C:\Users\rashm\Downloads\CL643project\airAmbulance_trial2.gms
    Symbol declared but no values have been assigned. Check for missing
       data definition, assignment, data loading or implicit assignment
       via a solve statement. Suppress with $onImplicitAssign.
       A wild shot: You may have spurious commas in the explanatory
       text of a declaration. Check symbol reference list.
*** Error 149 in C:\Users\rashm\Downloads\CL643project\airAmbulance_trial2.gms
    Uncontrolled set entered as constant
*** Error 149 in C:\Users\rashm\Downloads\CL643project\airAmbulance_trial2.gms
    Uncontrolled set entered as constant
*** Error 149 in C:\Users\rashm\Downloads\CL643project\airAmbulance_trial2.gms
    Uncontrolled set entered as constant
--- airAmbulance_trial2.gms(31) 3 Mb 10 Errors
*** Error   8 in C:\Users\rashm\Downloads\CL643project\airAmbulance_trial2.gms
    ')' expected
*** Error 409 in C:\Users\rashm\Downloads\CL643project\airAmbulance_trial2.gms
    Unrecognizable item - skip to find a new statement
      looking for a ';' or a key word to get started again
--- airAmbulance_trial2.gms(38) 3 Mb 12 Errors
*** Error 243 in C:\Users\rashm\Downloads\CL643project\airAmbulance_trial2.gms
    Objective is not a variable
*** Error 257 in C:\Users\rashm\Downloads\CL643project\airAmbulance_trial2.gms
    Solve statement not checked because of previous errors
--- airAmbulance_trial2.gms(41) 3 Mb 12 Errors
*** Status: Compilation error(s)
--- Job airAmbulance_trial2.gms Stop 11/27/23 16:29:23 elapsed 0:00:00.020
