--- Job rogoPuzzle.gms Start 11/27/23 16:41:03 45.3.0 c4c31d8a WEX-WEI x86 64bit/MS Windows
--- Applying:
    C:\GAMS\45\gmsprmNT.txt
--- GAMS Parameters defined
    Input C:\Users\rashm\Downloads\CL643project\rogoPuzzle.gms
    PageSize 0
    ScrDir C:\Users\rashm\Downloads\CL643project\225a\
    SysDir C:\GAMS\45\
    LogOption 3
    ErrMsg 1
    ErrorLog 99
    IDE 1
    LstTitleLeftAligned 1
Licensee: GAMS Demo, for EULA and demo limitations see   G230930/0001CB-GEN
          https://www.gams.com/latest/docs/UG%5FLicense.html         DC0000
          C:\GAMS\45\gamslice.txt
          Demo license for demonstration and instructional purposes only
Processor information: 1 socket(s), 4 core(s), and 8 thread(s) available
GAMS 45.3.0   Copyright (C) 1987-2023 GAMS Development. All rights reserved
--- Starting compilation
--- rogoPuzzle.gms(15) 3 Mb 1 Error
*** Error 409 in C:\Users\rashm\Downloads\CL643project\rogoPuzzle.gms
    Unrecognizable item - skip to find a new statement
      looking for a ';' or a key word to get started again
--- rogoPuzzle.gms(43) 3 Mb 6 Errors
*** Error  10 in C:\Users\rashm\Downloads\CL643project\rogoPuzzle.gms
    ',' expected
*** Error 119 in C:\Users\rashm\Downloads\CL643project\rogoPuzzle.gms
    Number (primary) expected
*** Error   8 in C:\Users\rashm\Downloads\CL643project\rogoPuzzle.gms
    ')' expected
*** Error  37 in C:\Users\rashm\Downloads\CL643project\rogoPuzzle.gms
    '=l=' or '=e=' or '=g=' operator expected
*** Error 409 in C:\Users\rashm\Downloads\CL643project\rogoPuzzle.gms
    Unrecognizable item - skip to find a new statement
      looking for a ';' or a key word to get started again
--- rogoPuzzle.gms(45) 3 Mb 11 Errors
*** Error  10 in C:\Users\rashm\Downloads\CL643project\rogoPuzzle.gms
    ',' expected
*** Error 119 in C:\Users\rashm\Downloads\CL643project\rogoPuzzle.gms
    Number (primary) expected
*** Error   8 in C:\Users\rashm\Downloads\CL643project\rogoPuzzle.gms
    ')' expected
*** Error  37 in C:\Users\rashm\Downloads\CL643project\rogoPuzzle.gms
    '=l=' or '=e=' or '=g=' operator expected
*** Error 409 in C:\Users\rashm\Downloads\CL643project\rogoPuzzle.gms
    Unrecognizable item - skip to find a new statement
      looking for a ';' or a key word to get started again
--- rogoPuzzle.gms(56) 3 Mb 12 Errors
*** Error 257 in C:\Users\rashm\Downloads\CL643project\rogoPuzzle.gms
    Solve statement not checked because of previous errors
--- rogoPuzzle.gms(56) 3 Mb 12 Errors
*** Status: Compilation error(s)
--- Job rogoPuzzle.gms Stop 11/27/23 16:41:03 elapsed 0:00:00.016
